<?xml version="1.0" encoding="UTF-8"?>
<testsuite xmlns:xsi="http://www.w3.org/2001/XMLSchema-instance" xsi:noNamespaceSchemaLocation="https://maven.apache.org/surefire/maven-surefire-plugin/xsd/surefire-test-report-3.0.xsd" version="3.0" name="runner.TestRunner" time="15.914" tests="15" errors="0" skipped="0" failures="0">
  <properties>
[...]
</properties>
  <testcase name="Given Open Chrome and start application" classname="| sakthi.b@tauedu.org | Welcome@123 |" time="0.001">
    <system-err><![CDATA[Starting ChromeDriver 90.0.4430.24 (4c6d850f087da467d926e8eddb76550aed655991-refs/branch-heads/4430@{#429}) on port 46501
Only local connections are allowed.
Please see https://chromedriver.chromium.org/security-considerations for suggestions on keeping ChromeDriver safe.
ChromeDriver was started successfully.
May 24, 2021 5:55:33 PM org.openqa.selenium.remote.ProtocolHandshake createSession
INFO: Detected dialect: W3C
]]></system-err>
  </testcase>
  <testcase name="When I enter valid &quot;sakthi.b@tauedu.org&quot; and valid &quot;password&quot;" classname="| sakthi.b@tauedu.org | Welcome@123 |" time="0"/>
  <testcase name="Then user should be able to login successfully" classname="| sakthi.b@tauedu.org | Welcome@123 |" time="0"/>
  <testcase name="Then application should be closed" classname="| sakthi.b@tauedu.org | Welcome@123 |" time="0"/>
  <testcase name="" classname="| sakthi.b@tauedu.org | Welcome@123 |" time="0.001"/>
  <testcase name="Given Open Chrome and start application" classname="| sakthi.b1@tauedu.org | Welcome@456 |" time="0">
    <system-err><![CDATA[Starting ChromeDriver 90.0.4430.24 (4c6d850f087da467d926e8eddb76550aed655991-refs/branch-heads/4430@{#429}) on port 32537
Only local connections are allowed.
Please see https://chromedriver.chromium.org/security-considerations for suggestions on keeping ChromeDriver safe.
ChromeDriver was started successfully.
May 24, 2021 5:55:38 PM org.openqa.selenium.remote.ProtocolHandshake createSession
INFO: Detected dialect: W3C
]]></system-err>
  </testcase>
  <testcase name="When I enter valid &quot;sakthi.b1@tauedu.org&quot; and valid &quot;password&quot;" classname="| sakthi.b1@tauedu.org | Welcome@456 |" time="0"/>
  <testcase name="Then user should be able to login successfully" classname="| sakthi.b1@tauedu.org | Welcome@456 |" time="0"/>
  <testcase name="Then application should be closed" classname="| sakthi.b1@tauedu.org | Welcome@456 |" time="0"/>
  <testcase name="" classname="| sakthi.b1@tauedu.org | Welcome@456 |" time="0.001"/>
  <testcase name="Given Open Chrome and start application" classname="| sakthi.b2@tauedu.org | Welcome@789 |" time="0">
    <system-err><![CDATA[Starting ChromeDriver 90.0.4430.24 (4c6d850f087da467d926e8eddb76550aed655991-refs/branch-heads/4430@{#429}) on port 59184
Only local connections are allowed.
Please see https://chromedriver.chromium.org/security-considerations for suggestions on keeping ChromeDriver safe.
ChromeDriver was started successfully.
May 24, 2021 5:55:43 PM org.openqa.selenium.remote.ProtocolHandshake createSession
INFO: Detected dialect: W3C
]]></system-err>
  </testcase>
  <testcase name="When I enter valid &quot;sakthi.b2@tauedu.org&quot; and valid &quot;password&quot;" classname="| sakthi.b2@tauedu.org | Welcome@789 |" time="0"/>
  <testcase name="Then user should be able to login successfully" classname="| sakthi.b2@tauedu.org | Welcome@789 |" time="0"/>
  <testcase name="Then application should be closed" classname="| sakthi.b2@tauedu.org | Welcome@789 |" time="0"/>
  <testcase name="" classname="| sakthi.b2@tauedu.org | Welcome@789 |" time="0"/>
</testsuite>